<?xml version="1.0" encoding="UTF-8"?>
<testng-results skipped="0" failed="1" ignored="0" total="8" passed="7">
  <reporter-output>
  </reporter-output>
  <suite name="Gradle suite" duration-ms="36655" started-at="2023-11-29T12:30:40 BDT" finished-at="2023-11-29T12:31:17 BDT">
    <groups>
      <group name="cucumber">
        <method signature="AbstractTestNGCucumberTests.runScenario(io.cucumber.testng.PickleWrapper, io.cucumber.testng.FeatureWrapper)[pri:0, instance:TestRunner.AllRunnerTest@1dde4cb2]" name="runScenario" class="io.cucumber.testng.AbstractTestNGCucumberTests"/>
        <method signature="AbstractTestNGCucumberTests.runScenario(io.cucumber.testng.PickleWrapper, io.cucumber.testng.FeatureWrapper)[pri:0, instance:TestRunner.ComplainRaiseRunnerTest@7714e963]" name="runScenario" class="io.cucumber.testng.AbstractTestNGCucumberTests"/>
        <method signature="AbstractTestNGCucumberTests.runScenario(io.cucumber.testng.PickleWrapper, io.cucumber.testng.FeatureWrapper)[pri:0, instance:TestRunner.InitialAssessmentRunnerTest@20ce78ec]" name="runScenario" class="io.cucumber.testng.AbstractTestNGCucumberTests"/>
        <method signature="AbstractTestNGCucumberTests.runScenario(io.cucumber.testng.PickleWrapper, io.cucumber.testng.FeatureWrapper)[pri:0, instance:TestRunner.LoginRunnerTest@393671df]" name="runScenario" class="io.cucumber.testng.AbstractTestNGCucumberTests"/>
      </group> <!-- cucumber -->
    </groups>
    <test name="Gradle test" duration-ms="36655" started-at="2023-11-29T12:30:40 BDT" finished-at="2023-11-29T12:31:17 BDT">
      <class name="TestRunner.LoginRunnerTest">
        <test-method status="PASS" signature="setUpClass()[pri:0, instance:TestRunner.LoginRunnerTest@393671df]" name="setUpClass" is-config="true" duration-ms="8" started-at="2023-11-29T12:31:15 BDT" finished-at="2023-11-29T12:31:15 BDT">
          <reporter-output>
          </reporter-output>
        </test-method> <!-- setUpClass -->
        <test-method status="PASS" signature="runScenario(io.cucumber.testng.PickleWrapper, io.cucumber.testng.FeatureWrapper)[pri:0, instance:TestRunner.LoginRunnerTest@393671df]" name="runScenario" duration-ms="2250" started-at="2023-11-29T12:31:15 BDT" description="Runs Cucumber Scenarios" data-provider="scenarios" finished-at="2023-11-29T12:31:17 BDT">
          <params>
            <param index="0">
              <value>
                <![CDATA["Login with valid data"]]>
              </value>
            </param>
            <param index="1">
              <value>
                <![CDATA["Optional[EQMS Login]"]]>
              </value>
            </param>
          </params>
          <reporter-output>
          </reporter-output>
        </test-method> <!-- runScenario -->
        <test-method status="PASS" signature="tearDownClass()[pri:0, instance:TestRunner.LoginRunnerTest@393671df]" name="tearDownClass" is-config="true" duration-ms="15" started-at="2023-11-29T12:31:17 BDT" finished-at="2023-11-29T12:31:17 BDT">
          <reporter-output>
          </reporter-output>
        </test-method> <!-- tearDownClass -->
      </class> <!-- TestRunner.LoginRunnerTest -->
      <class name="TestRunner.ComplainRaiseRunnerTest">
        <test-method status="PASS" signature="setUpClass()[pri:0, instance:TestRunner.ComplainRaiseRunnerTest@7714e963]" name="setUpClass" is-config="true" duration-ms="18" started-at="2023-11-29T12:30:59 BDT" finished-at="2023-11-29T12:30:59 BDT">
          <reporter-output>
          </reporter-output>
        </test-method> <!-- setUpClass -->
        <test-method status="PASS" signature="runScenario(io.cucumber.testng.PickleWrapper, io.cucumber.testng.FeatureWrapper)[pri:0, instance:TestRunner.ComplainRaiseRunnerTest@7714e963]" name="runScenario" duration-ms="5432" started-at="2023-11-29T12:30:59 BDT" description="Runs Cucumber Scenarios" data-provider="scenarios" finished-at="2023-11-29T12:31:05 BDT">
          <params>
            <param index="0">
              <value>
                <![CDATA["Login with valid data"]]>
              </value>
            </param>
            <param index="1">
              <value>
                <![CDATA["Optional[EQMS Login]"]]>
              </value>
            </param>
          </params>
          <reporter-output>
          </reporter-output>
        </test-method> <!-- runScenario -->
        <test-method status="PASS" signature="runScenario(io.cucumber.testng.PickleWrapper, io.cucumber.testng.FeatureWrapper)[pri:0, instance:TestRunner.ComplainRaiseRunnerTest@7714e963]" name="runScenario" duration-ms="5718" started-at="2023-11-29T12:31:05 BDT" description="Runs Cucumber Scenarios" data-provider="scenarios" finished-at="2023-11-29T12:31:10 BDT">
          <params>
            <param index="0">
              <value>
                <![CDATA["Add complain raise issue"]]>
              </value>
            </param>
            <param index="1">
              <value>
                <![CDATA["Optional[Customer Complain]"]]>
              </value>
            </param>
          </params>
          <reporter-output>
          </reporter-output>
        </test-method> <!-- runScenario -->
        <test-method status="PASS" signature="tearDownClass()[pri:0, instance:TestRunner.ComplainRaiseRunnerTest@7714e963]" name="tearDownClass" is-config="true" duration-ms="30" started-at="2023-11-29T12:31:10 BDT" finished-at="2023-11-29T12:31:10 BDT">
          <reporter-output>
          </reporter-output>
        </test-method> <!-- tearDownClass -->
      </class> <!-- TestRunner.ComplainRaiseRunnerTest -->
      <class name="TestRunner.InitialAssessmentRunnerTest">
        <test-method status="PASS" signature="setUpClass()[pri:0, instance:TestRunner.InitialAssessmentRunnerTest@20ce78ec]" name="setUpClass" is-config="true" duration-ms="30" started-at="2023-11-29T12:31:10 BDT" finished-at="2023-11-29T12:31:11 BDT">
          <reporter-output>
          </reporter-output>
        </test-method> <!-- setUpClass -->
        <test-method status="PASS" signature="runScenario(io.cucumber.testng.PickleWrapper, io.cucumber.testng.FeatureWrapper)[pri:0, instance:TestRunner.InitialAssessmentRunnerTest@20ce78ec]" name="runScenario" duration-ms="2211" started-at="2023-11-29T12:31:11 BDT" description="Runs Cucumber Scenarios" data-provider="scenarios" finished-at="2023-11-29T12:31:13 BDT">
          <params>
            <param index="0">
              <value>
                <![CDATA["Login with valid data"]]>
              </value>
            </param>
            <param index="1">
              <value>
                <![CDATA["Optional[EQMS Login]"]]>
              </value>
            </param>
          </params>
          <reporter-output>
          </reporter-output>
        </test-method> <!-- runScenario -->
        <test-method status="FAIL" signature="runScenario(io.cucumber.testng.PickleWrapper, io.cucumber.testng.FeatureWrapper)[pri:0, instance:TestRunner.InitialAssessmentRunnerTest@20ce78ec]" name="runScenario" duration-ms="2080" started-at="2023-11-29T12:31:13 BDT" description="Runs Cucumber Scenarios" data-provider="scenarios" finished-at="2023-11-29T12:31:15 BDT">
          <params>
            <param index="0">
              <value>
                <![CDATA["Add initial assessment"]]>
              </value>
            </param>
            <param index="1">
              <value>
                <![CDATA["Optional[Customer Complain]"]]>
              </value>
            </param>
          </params>
          <exception class="org.openqa.selenium.NoSuchWindowException">
            <message>
              <![CDATA[no such window: target window already closed
from unknown error: web view not found
  (Session info: chrome=119.0.6045.161)
Build info: version: '4.7.0', revision: '0a5b49d16f'
System info: os.name: 'Windows 10', os.arch: 'amd64', os.version: '10.0', java.version: '1.8.0_202'
Driver info: org.openqa.selenium.chrome.ChromeDriver
Command: [e69c23e1c55a7ad29dec79060e479e88, findElement {using=link text, value=Initial Assesment}]
Capabilities {acceptInsecureCerts: false, browserName: chrome, browserVersion: 119.0.6045.161, chrome: {chromedriverVersion: 119.0.6045.105 (38c72552c5e..., userDataDir: C:\Windows\SystemTemp\scope...}, fedcm:accounts: true, goog:chromeOptions: {debuggerAddress: localhost:58256}, networkConnectionEnabled: false, pageLoadStrategy: normal, platformName: WINDOWS, proxy: Proxy(), se:cdp: ws://localhost:58256/devtoo..., se:cdpVersion: 119.0.6045.161, setWindowRect: true, strictFileInteractability: false, timeouts: {implicit: 0, pageLoad: 300000, script: 30000}, unhandledPromptBehavior: dismiss and notify, webauthn:extension:credBlob: true, webauthn:extension:largeBlob: true, webauthn:extension:minPinLength: true, webauthn:extension:prf: true, webauthn:virtualAuthenticators: true}
Session ID: e69c23e1c55a7ad29dec79060e479e88]]>
            </message>
            <full-stacktrace>
              <![CDATA[org.openqa.selenium.NoSuchWindowException: no such window: target window already closed
from unknown error: web view not found
  (Session info: chrome=119.0.6045.161)
Build info: version: '4.7.0', revision: '0a5b49d16f'
System info: os.name: 'Windows 10', os.arch: 'amd64', os.version: '10.0', java.version: '1.8.0_202'
Driver info: org.openqa.selenium.chrome.ChromeDriver
Command: [e69c23e1c55a7ad29dec79060e479e88, findElement {using=link text, value=Initial Assesment}]
Capabilities {acceptInsecureCerts: false, browserName: chrome, browserVersion: 119.0.6045.161, chrome: {chromedriverVersion: 119.0.6045.105 (38c72552c5e..., userDataDir: C:\Windows\SystemTemp\scope...}, fedcm:accounts: true, goog:chromeOptions: {debuggerAddress: localhost:58256}, networkConnectionEnabled: false, pageLoadStrategy: normal, platformName: WINDOWS, proxy: Proxy(), se:cdp: ws://localhost:58256/devtoo..., se:cdpVersion: 119.0.6045.161, setWindowRect: true, strictFileInteractability: false, timeouts: {implicit: 0, pageLoad: 300000, script: 30000}, unhandledPromptBehavior: dismiss and notify, webauthn:extension:credBlob: true, webauthn:extension:largeBlob: true, webauthn:extension:minPinLength: true, webauthn:extension:prf: true, webauthn:virtualAuthenticators: true}
Session ID: e69c23e1c55a7ad29dec79060e479e88
at sun.reflect.NativeConstructorAccessorImpl.newInstance0(Native Method)
at sun.reflect.NativeConstructorAccessorImpl.newInstance(NativeConstructorAccessorImpl.java:62)
at sun.reflect.DelegatingConstructorAccessorImpl.newInstance(DelegatingConstructorAccessorImpl.java:45)
at java.lang.reflect.Constructor.newInstance(Constructor.java:423)
at org.openqa.selenium.remote.codec.w3c.W3CHttpResponseCodec.createException(W3CHttpResponseCodec.java:200)
at org.openqa.selenium.remote.codec.w3c.W3CHttpResponseCodec.decode(W3CHttpResponseCodec.java:133)
at org.openqa.selenium.remote.codec.w3c.W3CHttpResponseCodec.decode(W3CHttpResponseCodec.java:53)
at org.openqa.selenium.remote.HttpCommandExecutor.execute(HttpCommandExecutor.java:184)
at org.openqa.selenium.remote.service.DriverCommandExecutor.invokeExecute(DriverCommandExecutor.java:167)
at org.openqa.selenium.remote.service.DriverCommandExecutor.execute(DriverCommandExecutor.java:142)
at org.openqa.selenium.remote.RemoteWebDriver.execute(RemoteWebDriver.java:541)
at org.openqa.selenium.remote.ElementLocation$ElementFinder$2.findElement(ElementLocation.java:162)
at org.openqa.selenium.remote.ElementLocation.findElement(ElementLocation.java:60)
at org.openqa.selenium.remote.RemoteWebDriver.findElement(RemoteWebDriver.java:365)
at org.openqa.selenium.remote.RemoteWebDriver.findElement(RemoteWebDriver.java:357)
at SearchPage.InitialAssessmentPage.clickInitialAssessment(InitialAssessmentPage.java:22)
at EQMSStepDefinition.InitialAssessmentStepDefinition.selectInitialAssessment(InitialAssessmentStepDefinition.java:16)
at ✽.select initial assessment(file:///C:/Users/Rafi/Desktop/eQMS/WebAutomation/src/test/resources/Features/03_initialAssesment.feature:5)
]]>
            </full-stacktrace>
          </exception> <!-- org.openqa.selenium.NoSuchWindowException -->
          <reporter-output>
          </reporter-output>
        </test-method> <!-- runScenario -->
        <test-method status="PASS" signature="tearDownClass()[pri:0, instance:TestRunner.InitialAssessmentRunnerTest@20ce78ec]" name="tearDownClass" is-config="true" duration-ms="10" started-at="2023-11-29T12:31:15 BDT" finished-at="2023-11-29T12:31:15 BDT">
          <reporter-output>
          </reporter-output>
        </test-method> <!-- tearDownClass -->
      </class> <!-- TestRunner.InitialAssessmentRunnerTest -->
      <class name="TestRunner.AllRunnerTest">
        <test-method status="PASS" signature="setUpClass()[pri:0, instance:TestRunner.AllRunnerTest@1dde4cb2]" name="setUpClass" is-config="true" duration-ms="399" started-at="2023-11-29T12:30:40 BDT" finished-at="2023-11-29T12:30:41 BDT">
          <reporter-output>
          </reporter-output>
        </test-method> <!-- setUpClass -->
        <test-method status="PASS" signature="runScenario(io.cucumber.testng.PickleWrapper, io.cucumber.testng.FeatureWrapper)[pri:0, instance:TestRunner.AllRunnerTest@1dde4cb2]" name="runScenario" duration-ms="6154" started-at="2023-11-29T12:30:41 BDT" description="Runs Cucumber Scenarios" data-provider="scenarios" finished-at="2023-11-29T12:30:47 BDT">
          <params>
            <param index="0">
              <value>
                <![CDATA["Login with valid data"]]>
              </value>
            </param>
            <param index="1">
              <value>
                <![CDATA["Optional[EQMS Login]"]]>
              </value>
            </param>
          </params>
          <reporter-output>
          </reporter-output>
        </test-method> <!-- runScenario -->
        <test-method status="PASS" signature="runScenario(io.cucumber.testng.PickleWrapper, io.cucumber.testng.FeatureWrapper)[pri:0, instance:TestRunner.AllRunnerTest@1dde4cb2]" name="runScenario" duration-ms="7454" started-at="2023-11-29T12:30:47 BDT" description="Runs Cucumber Scenarios" data-provider="scenarios" finished-at="2023-11-29T12:30:54 BDT">
          <params>
            <param index="0">
              <value>
                <![CDATA["Add complain raise issue"]]>
              </value>
            </param>
            <param index="1">
              <value>
                <![CDATA["Optional[Customer Complain]"]]>
              </value>
            </param>
          </params>
          <reporter-output>
          </reporter-output>
        </test-method> <!-- runScenario -->
        <test-method status="PASS" signature="runScenario(io.cucumber.testng.PickleWrapper, io.cucumber.testng.FeatureWrapper)[pri:0, instance:TestRunner.AllRunnerTest@1dde4cb2]" name="runScenario" duration-ms="4762" started-at="2023-11-29T12:30:54 BDT" description="Runs Cucumber Scenarios" data-provider="scenarios" finished-at="2023-11-29T12:30:59 BDT">
          <params>
            <param index="0">
              <value>
                <![CDATA["Add initial assessment"]]>
              </value>
            </param>
            <param index="1">
              <value>
                <![CDATA["Optional[Customer Complain]"]]>
              </value>
            </param>
          </params>
          <reporter-output>
          </reporter-output>
        </test-method> <!-- runScenario -->
        <test-method status="PASS" signature="tearDownClass()[pri:0, instance:TestRunner.AllRunnerTest@1dde4cb2]" name="tearDownClass" is-config="true" duration-ms="54" started-at="2023-11-29T12:30:59 BDT" finished-at="2023-11-29T12:30:59 BDT">
          <reporter-output>
          </reporter-output>
        </test-method> <!-- tearDownClass -->
      </class> <!-- TestRunner.AllRunnerTest -->
    </test> <!-- Gradle test -->
  </suite> <!-- Gradle suite -->
</testng-results>
