<?xml version="1.0" encoding="UTF-8"?>
<testng-results skipped="0" failed="0" ignored="0" total="9" passed="9">
  <reporter-output>
  </reporter-output>
  <suite name="Suite" duration-ms="37845" started-at="2024-02-29T11:51:30 BDT" finished-at="2024-02-29T11:52:08 BDT">
    <groups>
      <group name="cucumber">
        <method signature="AbstractTestNGCucumberTests.runScenario(io.cucumber.testng.PickleWrapper, io.cucumber.testng.FeatureWrapper)[pri:0, instance:TestRunner.ChangeControlTestRunner.AllRunnerTest@7193666c]" name="runScenario" class="io.cucumber.testng.AbstractTestNGCucumberTests"/>
      </group> <!-- cucumber -->
    </groups>
    <test name="webTest" duration-ms="37845" started-at="2024-02-29T11:51:30 BDT" finished-at="2024-02-29T11:52:08 BDT">
      <class name="TestRunner.ChangeControlTestRunner.AllRunnerTest">
        <test-method status="PASS" signature="setUpClass()[pri:0, instance:TestRunner.ChangeControlTestRunner.AllRunnerTest@7193666c]" name="setUpClass" is-config="true" duration-ms="409" started-at="2024-02-29T11:51:30 BDT" finished-at="2024-02-29T11:51:31 BDT">
          <reporter-output>
          </reporter-output>
        </test-method> <!-- setUpClass -->
        <test-method status="PASS" signature="runScenario(io.cucumber.testng.PickleWrapper, io.cucumber.testng.FeatureWrapper)[pri:0, instance:TestRunner.ChangeControlTestRunner.AllRunnerTest@7193666c]" name="runScenario" duration-ms="4043" started-at="2024-02-29T11:51:31 BDT" description="Runs Cucumber Scenarios" data-provider="scenarios" finished-at="2024-02-29T11:51:35 BDT">
          <params>
            <param index="0">
              <value>
                <![CDATA["Login with valid data"]]>
              </value>
            </param>
            <param index="1">
              <value>
                <![CDATA["Optional[EQMS Login]"]]>
              </value>
            </param>
          </params>
          <reporter-output>
          </reporter-output>
        </test-method> <!-- runScenario -->
        <test-method status="PASS" signature="runScenario(io.cucumber.testng.PickleWrapper, io.cucumber.testng.FeatureWrapper)[pri:0, instance:TestRunner.ChangeControlTestRunner.AllRunnerTest@7193666c]" name="runScenario" duration-ms="4018" started-at="2024-02-29T11:51:35 BDT" description="Runs Cucumber Scenarios" data-provider="scenarios" finished-at="2024-02-29T11:51:39 BDT">
          <params>
            <param index="0">
              <value>
                <![CDATA["Add raise change control information"]]>
              </value>
            </param>
            <param index="1">
              <value>
                <![CDATA["Optional[Change Control]"]]>
              </value>
            </param>
          </params>
          <reporter-output>
          </reporter-output>
        </test-method> <!-- runScenario -->
        <test-method status="PASS" signature="runScenario(io.cucumber.testng.PickleWrapper, io.cucumber.testng.FeatureWrapper)[pri:0, instance:TestRunner.ChangeControlTestRunner.AllRunnerTest@7193666c]" name="runScenario" duration-ms="4306" started-at="2024-02-29T11:51:39 BDT" description="Runs Cucumber Scenarios" data-provider="scenarios" finished-at="2024-02-29T11:51:43 BDT">
          <params>
            <param index="0">
              <value>
                <![CDATA["Add review of proposed change information"]]>
              </value>
            </param>
            <param index="1">
              <value>
                <![CDATA["Optional[Review of Proposed Change]"]]>
              </value>
            </param>
          </params>
          <reporter-output>
          </reporter-output>
        </test-method> <!-- runScenario -->
        <test-method status="PASS" signature="runScenario(io.cucumber.testng.PickleWrapper, io.cucumber.testng.FeatureWrapper)[pri:0, instance:TestRunner.ChangeControlTestRunner.AllRunnerTest@7193666c]" name="runScenario" duration-ms="3333" started-at="2024-02-29T11:51:43 BDT" description="Runs Cucumber Scenarios" data-provider="scenarios" finished-at="2024-02-29T11:51:46 BDT">
          <params>
            <param index="0">
              <value>
                <![CDATA["Add Impact Assessment information"]]>
              </value>
            </param>
            <param index="1">
              <value>
                <![CDATA["Optional[Impact Assessment]"]]>
              </value>
            </param>
          </params>
          <reporter-output>
          </reporter-output>
        </test-method> <!-- runScenario -->
        <test-method status="PASS" signature="runScenario(io.cucumber.testng.PickleWrapper, io.cucumber.testng.FeatureWrapper)[pri:0, instance:TestRunner.ChangeControlTestRunner.AllRunnerTest@7193666c]" name="runScenario" duration-ms="5033" started-at="2024-02-29T11:51:46 BDT" description="Runs Cucumber Scenarios" data-provider="scenarios" finished-at="2024-02-29T11:51:51 BDT">
          <params>
            <param index="0">
              <value>
                <![CDATA["Add Change Plan information"]]>
              </value>
            </param>
            <param index="1">
              <value>
                <![CDATA["Optional[Change Plan]"]]>
              </value>
            </param>
          </params>
          <reporter-output>
          </reporter-output>
        </test-method> <!-- runScenario -->
        <test-method status="PASS" signature="runScenario(io.cucumber.testng.PickleWrapper, io.cucumber.testng.FeatureWrapper)[pri:0, instance:TestRunner.ChangeControlTestRunner.AllRunnerTest@7193666c]" name="runScenario" duration-ms="3667" started-at="2024-02-29T11:51:51 BDT" description="Runs Cucumber Scenarios" data-provider="scenarios" finished-at="2024-02-29T11:51:55 BDT">
          <params>
            <param index="0">
              <value>
                <![CDATA["Add Change Plan Functional Approval information"]]>
              </value>
            </param>
            <param index="1">
              <value>
                <![CDATA["Optional[Change Plan Functional Approval]"]]>
              </value>
            </param>
          </params>
          <reporter-output>
          </reporter-output>
        </test-method> <!-- runScenario -->
        <test-method status="PASS" signature="runScenario(io.cucumber.testng.PickleWrapper, io.cucumber.testng.FeatureWrapper)[pri:0, instance:TestRunner.ChangeControlTestRunner.AllRunnerTest@7193666c]" name="runScenario" duration-ms="3390" started-at="2024-02-29T11:51:55 BDT" description="Runs Cucumber Scenarios" data-provider="scenarios" finished-at="2024-02-29T11:51:59 BDT">
          <params>
            <param index="0">
              <value>
                <![CDATA["Add Change Plan Approval information"]]>
              </value>
            </param>
            <param index="1">
              <value>
                <![CDATA["Optional[Change Plan Approval]"]]>
              </value>
            </param>
          </params>
          <reporter-output>
          </reporter-output>
        </test-method> <!-- runScenario -->
        <test-method status="PASS" signature="runScenario(io.cucumber.testng.PickleWrapper, io.cucumber.testng.FeatureWrapper)[pri:0, instance:TestRunner.ChangeControlTestRunner.AllRunnerTest@7193666c]" name="runScenario" duration-ms="4080" started-at="2024-02-29T11:51:59 BDT" description="Runs Cucumber Scenarios" data-provider="scenarios" finished-at="2024-02-29T11:52:03 BDT">
          <params>
            <param index="0">
              <value>
                <![CDATA["Add implementation information"]]>
              </value>
            </param>
            <param index="1">
              <value>
                <![CDATA["Optional[Implementation]"]]>
              </value>
            </param>
          </params>
          <reporter-output>
          </reporter-output>
        </test-method> <!-- runScenario -->
        <test-method status="PASS" signature="runScenario(io.cucumber.testng.PickleWrapper, io.cucumber.testng.FeatureWrapper)[pri:0, instance:TestRunner.ChangeControlTestRunner.AllRunnerTest@7193666c]" name="runScenario" duration-ms="5501" started-at="2024-02-29T11:52:03 BDT" description="Runs Cucumber Scenarios" data-provider="scenarios" finished-at="2024-02-29T11:52:08 BDT">
          <params>
            <param index="0">
              <value>
                <![CDATA["Add quality final review information"]]>
              </value>
            </param>
            <param index="1">
              <value>
                <![CDATA["Optional[Quality Final Review]"]]>
              </value>
            </param>
          </params>
          <reporter-output>
          </reporter-output>
        </test-method> <!-- runScenario -->
        <test-method status="PASS" signature="tearDownClass()[pri:0, instance:TestRunner.ChangeControlTestRunner.AllRunnerTest@7193666c]" name="tearDownClass" is-config="true" duration-ms="34" started-at="2024-02-29T11:52:08 BDT" finished-at="2024-02-29T11:52:08 BDT">
          <reporter-output>
          </reporter-output>
        </test-method> <!-- tearDownClass -->
      </class> <!-- TestRunner.ChangeControlTestRunner.AllRunnerTest -->
    </test> <!-- webTest -->
  </suite> <!-- Suite -->
</testng-results>
